{"contracts/TicTacToe.sol":{"l":{"33":2,"35":2,"40":1,"41":1,"43":1,"44":1,"46":1,"52":6,"54":6,"56":6,"58":6,"61":6,"64":6,"67":6,"70":6,"72":5,"74":5,"75":5,"76":36,"78":36,"79":1,"80":1,"84":5,"85":5,"87":5,"88":5,"95":0,"96":0,"97":0,"100":0,"102":0,"104":0,"105":0},"path":"/Users/andremeyer/Documents/Projects/tic-tac-toe-dapp/contracts/TicTacToe.sol","s":{"1":2,"2":2,"3":1,"4":1,"5":1,"6":1,"7":1,"8":6,"9":6,"10":6,"11":6,"12":6,"13":6,"14":6,"15":6,"16":5,"17":5,"18":5,"19":36,"20":36,"21":1,"22":5,"23":5,"24":5,"25":0,"26":0,"27":0,"28":0,"29":0,"30":0},"b":{"1":[1,0],"2":[1,0],"3":[6,0],"4":[6,0],"5":[6,0],"6":[6,0],"7":[2,4],"8":[5,1],"9":[2,3],"10":[1,35],"11":[2,3],"12":[0,0],"13":[0,0],"14":[0,0]},"f":{"1":2,"2":1,"3":6,"4":0},"fnMap":{"1":{"name":"TicTacToe","line":32,"loc":{"start":{"line":32,"column":2},"end":{"line":32,"column":43}}},"2":{"name":"joinAndStartGame","line":39,"loc":{"start":{"line":39,"column":2},"end":{"line":39,"column":36}}},"3":{"name":"playerMove","line":50,"loc":{"start":{"line":50,"column":2},"end":{"line":50,"column":47}}},"4":{"name":"lateTurnCancelGameReturnDeposit","line":92,"loc":{"start":{"line":92,"column":2},"end":{"line":92,"column":51}}}},"statementMap":{"1":{"start":{"line":33,"column":4},"end":{"line":33,"column":22}},"2":{"start":{"line":35,"column":4},"end":{"line":35,"column":32}},"3":{"start":{"line":40,"column":4},"end":{"line":40,"column":36}},"4":{"start":{"line":41,"column":4},"end":{"line":41,"column":25}},"5":{"start":{"line":43,"column":4},"end":{"line":43,"column":24}},"6":{"start":{"line":44,"column":4},"end":{"line":44,"column":27}},"7":{"start":{"line":46,"column":4},"end":{"line":46,"column":28}},"8":{"start":{"line":52,"column":4},"end":{"line":52,"column":26}},"9":{"start":{"line":54,"column":4},"end":{"line":54,"column":23}},"10":{"start":{"line":56,"column":4},"end":{"line":56,"column":25}},"11":{"start":{"line":58,"column":4},"end":{"line":58,"column":48}},"12":{"start":{"line":61,"column":4},"end":{"line":61,"column":53}},"13":{"start":{"line":64,"column":4},"end":{"line":64,"column":37}},"14":{"start":{"line":67,"column":4},"end":{"line":67,"column":60}},"15":{"start":{"line":70,"column":4},"end":{"line":70,"column":23}},"16":{"start":{"line":72,"column":4},"end":{"line":72,"column":69}},"17":{"start":{"line":74,"column":4},"end":{"line":74,"column":63}},"18":{"start":{"line":75,"column":4},"end":{"line":75,"column":2176}},"19":{"start":{"line":76,"column":6},"end":{"line":76,"column":124}},"20":{"start":{"line":78,"column":6},"end":{"line":78,"column":2377}},"21":{"start":{"line":79,"column":8},"end":{"line":79,"column":29}},"22":{"start":{"line":84,"column":4},"end":{"line":84,"column":69}},"23":{"start":{"line":87,"column":4},"end":{"line":87,"column":23}},"24":{"start":{"line":88,"column":4},"end":{"line":88,"column":22}},"25":{"start":{"line":95,"column":4},"end":{"line":95,"column":25}},"26":{"start":{"line":96,"column":4},"end":{"line":96,"column":42}},"27":{"start":{"line":97,"column":4},"end":{"line":97,"column":39}},"28":{"start":{"line":100,"column":4},"end":{"line":100,"column":17}},"29":{"start":{"line":102,"column":4},"end":{"line":102,"column":47}},"30":{"start":{"line":104,"column":4},"end":{"line":104,"column":37}}},"branchMap":{"1":{"line":40,"type":"if","locations":[{"start":{"line":40,"column":4},"end":{"line":40,"column":4}},{"start":{"line":40,"column":4},"end":{"line":40,"column":4}}]},"2":{"line":41,"type":"if","locations":[{"start":{"line":41,"column":4},"end":{"line":41,"column":4}},{"start":{"line":41,"column":4},"end":{"line":41,"column":4}}]},"3":{"line":52,"type":"if","locations":[{"start":{"line":52,"column":4},"end":{"line":52,"column":4}},{"start":{"line":52,"column":4},"end":{"line":52,"column":4}}]},"4":{"line":54,"type":"if","locations":[{"start":{"line":54,"column":4},"end":{"line":54,"column":4}},{"start":{"line":54,"column":4},"end":{"line":54,"column":4}}]},"5":{"line":56,"type":"if","locations":[{"start":{"line":56,"column":4},"end":{"line":56,"column":4}},{"start":{"line":56,"column":4},"end":{"line":56,"column":4}}]},"6":{"line":58,"type":"if","locations":[{"start":{"line":58,"column":4},"end":{"line":58,"column":4}},{"start":{"line":58,"column":4},"end":{"line":58,"column":4}}]},"7":{"line":61,"type":"cond-expr","locations":[{"start":{"line":61,"column":49},"end":{"line":61,"column":50}},{"start":{"line":61,"column":53},"end":{"line":61,"column":54}}]},"8":{"line":70,"type":"if","locations":[{"start":{"line":70,"column":4},"end":{"line":70,"column":4}},{"start":{"line":70,"column":4},"end":{"line":70,"column":4}}]},"9":{"line":74,"type":"cond-expr","locations":[{"start":{"line":74,"column":54},"end":{"line":74,"column":57}},{"start":{"line":74,"column":60},"end":{"line":74,"column":64}}]},"10":{"line":78,"type":"if","locations":[{"start":{"line":78,"column":6},"end":{"line":78,"column":6}},{"start":{"line":78,"column":6},"end":{"line":78,"column":6}}]},"11":{"line":84,"type":"cond-expr","locations":[{"start":{"line":84,"column":50},"end":{"line":84,"column":58}},{"start":{"line":84,"column":60},"end":{"line":84,"column":70}}]},"12":{"line":95,"type":"if","locations":[{"start":{"line":95,"column":4},"end":{"line":95,"column":4}},{"start":{"line":95,"column":4},"end":{"line":95,"column":4}}]},"13":{"line":96,"type":"if","locations":[{"start":{"line":96,"column":4},"end":{"line":96,"column":4}},{"start":{"line":96,"column":4},"end":{"line":96,"column":4}}]},"14":{"line":97,"type":"if","locations":[{"start":{"line":97,"column":4},"end":{"line":97,"column":4}},{"start":{"line":97,"column":4},"end":{"line":97,"column":4}}]}}},"contracts/TicTacToeFactory.sol":{"l":{"10":1,"11":1},"path":"/Users/andremeyer/Documents/Projects/tic-tac-toe-dapp/contracts/TicTacToeFactory.sol","s":{"1":1,"2":1},"b":{},"f":{"1":1},"fnMap":{"1":{"name":"newGame","line":9,"loc":{"start":{"line":9,"column":2},"end":{"line":9,"column":45}}}},"statementMap":{"1":{"start":{"line":10,"column":4},"end":{"line":10,"column":46}},"2":{"start":{"line":11,"column":4},"end":{"line":11,"column":31}}},"branchMap":{}}}